<?xml version="1.0" encoding="UTF-8"?>
<!-- Generated by org.testng.reporters.JUnitReportReporter -->
<testsuite name="tests.Test001" tests="6" time="0.844" ignored="0" failures="0" timestamp="12 Nov 2017 18:14:56 GMT" skipped="0" hostname="LAPTOP-RVMC81Q7" errors="0">
  <testcase name="Test2" time="0.248" classname="tests.Test001"/>
  <testcase name="Test1" time="0.251" classname="tests.Test001"/>
  <testcase name="Test1" time="0.078" classname="tests.Test001"/>
  <testcase name="Test3" time="0.081" classname="tests.Test001"/>
  <testcase name="Test3" time="0.088" classname="tests.Test001"/>
  <testcase name="Test2" time="0.098" classname="tests.Test001"/>
</testsuite> <!-- tests.Test001 -->
