<?xml version="1.0" encoding="UTF-8"?>
<!-- Generated by org.testng.reporters.JUnitReportReporter -->
<testsuite name="tests.Test3" tests="3" time="0.569" ignored="0" failures="0" timestamp="12 Nov 2017 18:22:22 GMT" skipped="0" hostname="LAPTOP-RVMC81Q7" errors="0">
  <testcase name="Test1" time="0.360" classname="tests.Test3"/>
  <testcase name="Test2" time="0.183" classname="tests.Test3"/>
  <testcase name="Test33" time="0.026" classname="tests.Test3"/>
</testsuite> <!-- tests.Test3 -->
