<?xml version="1.0" encoding="UTF-8"?>
<!-- Generated by org.testng.reporters.JUnitReportReporter -->
<testsuite name="sample.test" tests="2" time="0.000" ignored="0" failures="0" timestamp="25 Apr 2018 14:09:12 GMT" skipped="0" hostname="TGS-DPC-2295" errors="0">
  <testcase name="test2" time="0.000" classname="sample.test"/>
  <testcase name="test1" time="0.000" classname="sample.test"/>
</testsuite> <!-- sample.test -->
