<?xml version="1.0" encoding="UTF-8"?>
<!-- Generated by org.testng.reporters.JUnitReportReporter -->
<testsuite name="tests.Test001" tests="6" time="0.799" ignored="0" failures="0" timestamp="12 Nov 2017 17:51:49 GMT" skipped="0" hostname="LAPTOP-RVMC81Q7" errors="0">
  <testcase name="Test3" time="0.189" classname="tests.Test001"/>
  <testcase name="Test3" time="0.061" classname="tests.Test001"/>
  <testcase name="Test2" time="0.076" classname="tests.Test001"/>
  <testcase name="Test1" time="0.237" classname="tests.Test001"/>
  <testcase name="Test1" time="0.151" classname="tests.Test001"/>
  <testcase name="Test2" time="0.085" classname="tests.Test001"/>
</testsuite> <!-- tests.Test001 -->
