<?xml version="1.0" encoding="UTF-8"?>
<!-- Generated by org.testng.reporters.JUnitReportReporter -->
<testsuite name="tests.Test2" tests="3" time="0.488" ignored="0" failures="0" timestamp="12 Nov 2017 18:22:22 GMT" skipped="0" hostname="LAPTOP-RVMC81Q7" errors="0">
  <testcase name="Test21" time="0.054" classname="tests.Test2"/>
  <testcase name="Test11" time="0.124" classname="tests.Test2"/>
  <testcase name="Test31" time="0.310" classname="tests.Test2"/>
</testsuite> <!-- tests.Test2 -->
