<?xml version="1.0" encoding="UTF-8"?>
<!-- Generated by org.testng.reporters.JUnitReportReporter -->
<testsuite name="tests.Test001" tests="3" time="0.478" ignored="0" failures="0" timestamp="12 Nov 2017 18:22:22 GMT" skipped="0" hostname="LAPTOP-RVMC81Q7" errors="0">
  <testcase name="Test3" time="0.111" classname="tests.Test001"/>
  <testcase name="Test1" time="0.071" classname="tests.Test001"/>
  <testcase name="Test2" time="0.296" classname="tests.Test001"/>
</testsuite> <!-- tests.Test001 -->
