<?xml version="1.0" encoding="UTF-8"?>
<!-- Generated by org.testng.reporters.JUnitReportReporter -->
<testsuite name="tests.Test01" tests="1" time="103.882" ignored="0" failures="0" timestamp="26 Apr 2018 10:56:25 GMT" skipped="0" hostname="TGS-DPC-2295" errors="0">
  <testcase name="LaunchGoogle" time="103.882" classname="tests.Test01"/>
</testsuite> <!-- tests.Test01 -->
